#
# There is insufficient memory for the Java Runtime Environment to continue.
# Native memory allocation (malloc) failed to allocate 534096 bytes for Chunk::new
# Possible reasons:
#   The system is out of physical RAM or swap space
#   In 32 bit mode, the process size limit was hit
# Possible solutions:
#   Reduce memory load on the system
#   Increase physical memory or swap space
#   Check if swap backing store is full
#   Use 64 bit Java on a 64 bit OS
#   Decrease Java heap size (-Xmx/-Xms)
#   Decrease number of Java threads
#   Decrease Java thread stack sizes (-Xss)
#   Set larger code cache with -XX:ReservedCodeCacheSize=
# This output file may be truncated or incomplete.
#
#  Out of Memory Error (allocation.cpp:390), pid=15236, tid=0x0000000000000a1c
#
# JRE version: OpenJDK Runtime Environment (8.0_152-b02) (build 1.8.0_152-release-1024-b02)
# Java VM: OpenJDK 64-Bit Server VM (25.152-b02 mixed mode windows-amd64 compressed oops)
# Failed to write core dump. Minidumps are not enabled by default on client versions of Windows
#

---------------  T H R E A D  ---------------

Current thread (0x00000000188ec000):  JavaThread "C2 CompilerThread0" daemon [_thread_in_native, id=2588, stack(0x000000001a030000,0x000000001a130000)]

Stack: [0x000000001a030000,0x000000001a130000]
[error occurred during error reporting (printing stack bounds), id 0xc0000005]

Native frames: (J=compiled Java code, j=interpreted, Vv=VM code, C=native code)


Current CompileTask:
C2:2123406 7721   !   4       com.google.common.cache.LocalCache$Segment::lockedGetOrLoad (433 bytes)


---------------  P R O C E S S  ---------------

Java Threads: ( => current thread )
  0x000000001f59b000 JavaThread "build operations Thread 4" [_thread_blocked, id=18168, stack(0x0000000026450000,0x0000000026550000)]
  0x000000001f59d800 JavaThread "build operations Thread 3" [_thread_blocked, id=15184, stack(0x0000000026350000,0x0000000026450000)]
  0x000000001f599000 JavaThread "build operations Thread 2" [_thread_blocked, id=14940, stack(0x0000000026250000,0x0000000026350000)]
  0x000000001f598000 JavaThread "build operations" [_thread_blocked, id=6248, stack(0x0000000026150000,0x0000000026250000)]
  0x000000001f59c800 JavaThread "Cache worker for Artifact transforms cache (C:\Users\Rob\.gradle\caches\transforms-1)" [_thread_blocked, id=3788, stack(0x0000000026050000,0x0000000026150000)]
  0x000000001f59c000 JavaThread "Cache worker for file hash cache (C:\Users\Rob\AndroidStudioProjects\MyApplication2\.gradle\4.4\fileHashes)" [_thread_blocked, id=8708, stack(0x0000000025f50000,0x0000000026050000)]
  0x000000001f590800 JavaThread "Stdin handler" [_thread_blocked, id=10628, stack(0x0000000025e50000,0x0000000025f50000)]
  0x000000001f597800 JavaThread "Asynchronous log dispatcher for DefaultDaemonConnection: socket connection from /127.0.0.1:59423 to /127.0.0.1:60442" [_thread_blocked, id=8056, stack(0x0000000025d50000,0x0000000025e50000)]
  0x000000001f596800 JavaThread "Daemon worker Thread 2" [_thread_in_vm, id=15736, stack(0x0000000025c50000,0x0000000025d50000)]
  0x000000001f595000 JavaThread "Cancel handler" [_thread_blocked, id=2864, stack(0x0000000025b50000,0x0000000025c50000)]
  0x000000001f591800 JavaThread "Handler for socket connection from /127.0.0.1:59423 to /127.0.0.1:60442" [_thread_in_native, id=17468, stack(0x0000000025a50000,0x0000000025b50000)]
  0x000000001f593800 JavaThread "Daemon Thread 2" [_thread_blocked, id=20248, stack(0x0000000025950000,0x0000000025a50000)]
  0x000000001f082000 JavaThread "Memory manager" [_thread_blocked, id=11288, stack(0x00000000230b0000,0x00000000231b0000)]
  0x000000001ba6a000 JavaThread "File lock request listener" [_thread_in_native, id=11296, stack(0x000000001d480000,0x000000001d580000)]
  0x000000001ba39000 JavaThread "Cache worker for file hash cache (C:\Users\Rob\.gradle\caches\4.4\fileHashes)" [_thread_blocked, id=13052, stack(0x000000001d380000,0x000000001d480000)]
  0x000000001adbf800 JavaThread "Daemon periodic checks" [_thread_blocked, id=1596, stack(0x000000001c880000,0x000000001c980000)]
  0x000000001adb2800 JavaThread "Incoming local TCP Connector on port 59423" [_thread_in_native, id=12844, stack(0x000000001c640000,0x000000001c740000)]
  0x000000001a359000 JavaThread "Service Thread" daemon [_thread_blocked, id=13920, stack(0x000000001a730000,0x000000001a830000)]
  0x0000000018901000 JavaThread "C1 CompilerThread2" daemon [_thread_blocked, id=16072, stack(0x000000001a230000,0x000000001a330000)]
  0x00000000188f0000 JavaThread "C2 CompilerThread1" daemon [_thread_blocked, id=9132, stack(0x000000001a130000,0x000000001a230000)]
=>0x00000000188ec000 JavaThread "C2 CompilerThread0" daemon [_thread_in_native, id=2588, stack(0x000000001a030000,0x000000001a130000)]
  0x00000000188ea800 JavaThread "Attach Listener" daemon [_thread_blocked, id=18208, stack(0x0000000019f30000,0x000000001a030000)]
  0x00000000188e9000 JavaThread "Signal Dispatcher" daemon [_thread_blocked, id=9872, stack(0x0000000019e30000,0x0000000019f30000)]
  0x0000000004f77000 JavaThread "Finalizer" daemon [_thread_blocked, id=19604, stack(0x0000000019b40000,0x0000000019c40000)]
  0x0000000004f71800 JavaThread "Reference Handler" daemon [_thread_blocked, id=18200, stack(0x0000000019a40000,0x0000000019b40000)]
  0x0000000004e7e000 JavaThread "main" [_thread_blocked, id=18496, stack(0x0000000004c90000,0x0000000004d90000)]

Other Threads:
  0x00000000188b5000 VMThread [stack: 0x0000000019940000,0x0000000019a40000] [id=13564]
  0x000000001a35a800 WatcherThread [stack: 0x000000001a830000,0x000000001a930000] [id=1816]

VM state:not at safepoint (normal execution)

VM Mutex/Monitor currently owned by a thread: None

Heap:
 PSYoungGen      total 199680K, used 48297K [0x00000000e0000000, 0x00000000f1b00000, 0x0000000100000000)
  eden space 187392K, 25% used [0x00000000e0000000,0x00000000e2f2a7b0,0x00000000eb700000)
  from space 12288K, 0% used [0x00000000eb700000,0x00000000eb700000,0x00000000ec300000)
  to   space 11776K, 0% used [0x00000000f0f80000,0x00000000f0f80000,0x00000000f1b00000)
 ParOldGen       total 103936K, used 33974K [0x00000000a0000000, 0x00000000a6580000, 0x00000000e0000000)
  object space 103936K, 32% used [0x00000000a0000000,0x00000000a212d940,0x00000000a6580000)
 Metaspace       used 58373K, capacity 60176K, committed 60288K, reserved 1101824K
  class space    used 7803K, capacity 8217K, committed 8320K, reserved 1048576K

Card table byte_map: [0x0000000014340000,0x0000000014650000] byte_map_base: 0x0000000013e40000

Marking Bits: (ParMarkBitMap*) 0x000000006fef4970
 Begin Bits: [0x0000000014c50000, 0x0000000016450000)
 End Bits:   [0x0000000016450000, 0x0000000017c50000)

Polling page: 0x00000000033c0000

CodeCache: size=245760Kb used=21801Kb max_used=21801Kb free=223958Kb
 bounds [0x0000000004f80000, 0x00000000064f0000, 0x0000000013f80000]
 total_blobs=7387 nmethods=6613 adapters=687
 compilation: enabled

Compilation events (10 events):
Event: 2122.647 Thread 0x00000000188f0000 nmethod 7719 0x00000000064e5b10 code [0x00000000064e5d40, 0x00000000064e6cf0]
Event: 2122.647 Thread 0x00000000188f0000 7731       4       java.lang.CharacterDataLatin1::isJavaIdentifierPart (20 bytes)
Event: 2122.648 Thread 0x00000000188f0000 nmethod 7731 0x00000000059c0d10 code [0x00000000059c0e40, 0x00000000059c0ed8]
Event: 2122.651 Thread 0x0000000018901000 nmethod 7736 0x0000000005368e90 code [0x00000000053691e0, 0x000000000536afa8]
Event: 2122.651 Thread 0x0000000018901000 7737       3       org.gradle.api.internal.project.taskfactory.InputPropertyAnnotationHandler$1::<init> (15 bytes)
Event: 2122.651 Thread 0x0000000018901000 nmethod 7737 0x0000000005368ad0 code [0x0000000005368c20, 0x0000000005368df0]
Event: 2122.651 Thread 0x0000000018901000 7738       3       org.gradle.api.internal.AbstractTask::getTaskActions (23 bytes)
Event: 2122.652 Thread 0x0000000018901000 nmethod 7738 0x0000000005368450 code [0x00000000053685c0, 0x0000000005368950]
Event: 2122.655 Thread 0x0000000018901000 7739       1       java.util.LinkedHashMap$LinkedValues::size (8 bytes)
Event: 2122.656 Thread 0x0000000018901000 nmethod 7739 0x00000000053565d0 code [0x0000000005356720, 0x0000000005356830]

GC Heap History (10 events):
Event: 45.018 GC heap before
{Heap before GC invocations=12 (full 2):
 PSYoungGen      total 98304K, used 87040K [0x00000000e0000000, 0x00000000e9580000, 0x0000000100000000)
  eden space 87040K, 100% used [0x00000000e0000000,0x00000000e5500000,0x00000000e5500000)
  from space 11264K, 0% used [0x00000000e5500000,0x00000000e5500000,0x00000000e6000000)
  to   space 11264K, 0% used [0x00000000e8a80000,0x00000000e8a80000,0x00000000e9580000)
 ParOldGen       total 68096K, used 14266K [0x00000000a0000000, 0x00000000a4280000, 0x00000000e0000000)
  object space 68096K, 20% used [0x00000000a0000000,0x00000000a0deebf8,0x00000000a4280000)
 Metaspace       used 40016K, capacity 40776K, committed 41088K, reserved 1085440K
  class space    used 5435K, capacity 5690K, committed 5760K, reserved 1048576K
Event: 45.048 GC heap after
Heap after GC invocations=12 (full 2):
 PSYoungGen      total 140800K, used 9431K [0x00000000e0000000, 0x00000000e9580000, 0x0000000100000000)
  eden space 129536K, 0% used [0x00000000e0000000,0x00000000e0000000,0x00000000e7e80000)
  from space 11264K, 83% used [0x00000000e8a80000,0x00000000e93b5ce8,0x00000000e9580000)
  to   space 11776K, 0% used [0x00000000e7e80000,0x00000000e7e80000,0x00000000e8a00000)
 ParOldGen       total 68096K, used 14274K [0x00000000a0000000, 0x00000000a4280000, 0x00000000e0000000)
  object space 68096K, 20% used [0x00000000a0000000,0x00000000a0df0bf8,0x00000000a4280000)
 Metaspace       used 40016K, capacity 40776K, committed 41088K, reserved 1085440K
  class space    used 5435K, capacity 5690K, committed 5760K, reserved 1048576K
}
Event: 49.592 GC heap before
{Heap before GC invocations=13 (full 2):
 PSYoungGen      total 140800K, used 138967K [0x00000000e0000000, 0x00000000e9580000, 0x0000000100000000)
  eden space 129536K, 100% used [0x00000000e0000000,0x00000000e7e80000,0x00000000e7e80000)
  from space 11264K, 83% used [0x00000000e8a80000,0x00000000e93b5ce8,0x00000000e9580000)
  to   space 11776K, 0% used [0x00000000e7e80000,0x00000000e7e80000,0x00000000e8a00000)
 ParOldGen       total 68096K, used 14274K [0x00000000a0000000, 0x00000000a4280000, 0x00000000e0000000)
  object space 68096K, 20% used [0x00000000a0000000,0x00000000a0df0bf8,0x00000000a4280000)
 Metaspace       used 46444K, capacity 47374K, committed 47616K, reserved 1089536K
  class space    used 6297K, capacity 6608K, committed 6656K, reserved 1048576K
Event: 49.614 GC heap after
Heap after GC invocations=13 (full 2):
 PSYoungGen      total 141312K, used 7342K [0x00000000e0000000, 0x00000000ecf00000, 0x0000000100000000)
  eden space 129536K, 0% used [0x00000000e0000000,0x00000000e0000000,0x00000000e7e80000)
  from space 11776K, 62% used [0x00000000e7e80000,0x00000000e85ab900,0x00000000e8a00000)
  to   space 11264K, 0% used [0x00000000ec400000,0x00000000ec400000,0x00000000ecf00000)
 ParOldGen       total 68096K, used 20267K [0x00000000a0000000, 0x00000000a4280000, 0x00000000e0000000)
  object space 68096K, 29% used [0x00000000a0000000,0x00000000a13cad40,0x00000000a4280000)
 Metaspace       used 46444K, capacity 47374K, committed 47616K, reserved 1089536K
  class space    used 6297K, capacity 6608K, committed 6656K, reserved 1048576K
}
Event: 55.065 GC heap before
{Heap before GC invocations=14 (full 2):
 PSYoungGen      total 141312K, used 136878K [0x00000000e0000000, 0x00000000ecf00000, 0x0000000100000000)
  eden space 129536K, 100% used [0x00000000e0000000,0x00000000e7e80000,0x00000000e7e80000)
  from space 11776K, 62% used [0x00000000e7e80000,0x00000000e85ab900,0x00000000e8a00000)
  to   space 11264K, 0% used [0x00000000ec400000,0x00000000ec400000,0x00000000ecf00000)
 ParOldGen       total 68096K, used 20267K [0x00000000a0000000, 0x00000000a4280000, 0x00000000e0000000)
  object space 68096K, 29% used [0x00000000a0000000,0x00000000a13cad40,0x00000000a4280000)
 Metaspace       used 53620K, capacity 55330K, committed 55424K, reserved 1097728K
  class space    used 7343K, capacity 7768K, committed 7808K, reserved 1048576K
Event: 55.112 GC heap after
Heap after GC invocations=14 (full 2):
 PSYoungGen      total 198656K, used 10094K [0x00000000e0000000, 0x00000000ecf00000, 0x0000000100000000)
  eden space 187392K, 0% used [0x00000000e0000000,0x00000000e0000000,0x00000000eb700000)
  from space 11264K, 89% used [0x00000000ec400000,0x00000000ecddbaa0,0x00000000ecf00000)
  to   space 12288K, 0% used [0x00000000eb700000,0x00000000eb700000,0x00000000ec300000)
 ParOldGen       total 68096K, used 23351K [0x00000000a0000000, 0x00000000a4280000, 0x00000000e0000000)
  object space 68096K, 34% used [0x00000000a0000000,0x00000000a16cdc90,0x00000000a4280000)
 Metaspace       used 53620K, capacity 55330K, committed 55424K, reserved 1097728K
  class space    used 7343K, capacity 7768K, committed 7808K, reserved 1048576K
}
Event: 60.780 GC heap before
{Heap before GC invocations=15 (full 2):
 PSYoungGen      total 198656K, used 92674K [0x00000000e0000000, 0x00000000ecf00000, 0x0000000100000000)
  eden space 187392K, 44% used [0x00000000e0000000,0x00000000e50a4fb8,0x00000000eb700000)
  from space 11264K, 89% used [0x00000000ec400000,0x00000000ecddbaa0,0x00000000ecf00000)
  to   space 12288K, 0% used [0x00000000eb700000,0x00000000eb700000,0x00000000ec300000)
 ParOldGen       total 68096K, used 23351K [0x00000000a0000000, 0x00000000a4280000, 0x00000000e0000000)
  object space 68096K, 34% used [0x00000000a0000000,0x00000000a16cdc90,0x00000000a4280000)
 Metaspace       used 57217K, capacity 58958K, committed 59028K, reserved 1099776K
  class space    used 7738K, capacity 8158K, committed 8192K, reserved 1048576K
Event: 60.807 GC heap after
Heap after GC invocations=15 (full 2):
 PSYoungGen      total 199680K, used 7461K [0x00000000e0000000, 0x00000000f1b00000, 0x0000000100000000)
  eden space 187392K, 0% used [0x00000000e0000000,0x00000000e0000000,0x00000000eb700000)
  from space 12288K, 60% used [0x00000000eb700000,0x00000000ebe496f0,0x00000000ec300000)
  to   space 11776K, 0% used [0x00000000f0f80000,0x00000000f0f80000,0x00000000f1b00000)
 ParOldGen       total 68096K, used 28581K [0x00000000a0000000, 0x00000000a4280000, 0x00000000e0000000)
  object space 68096K, 41% used [0x00000000a0000000,0x00000000a1be9748,0x00000000a4280000)
 Metaspace       used 57217K, capacity 58958K, committed 59028K, reserved 1099776K
  class space    used 7738K, capacity 8158K, committed 8192K, reserved 1048576K
}
Event: 60.807 GC heap before
{Heap before GC invocations=16 (full 3):
 PSYoungGen      total 199680K, used 7461K [0x00000000e0000000, 0x00000000f1b00000, 0x0000000100000000)
  eden space 187392K, 0% used [0x00000000e0000000,0x00000000e0000000,0x00000000eb700000)
  from space 12288K, 60% used [0x00000000eb700000,0x00000000ebe496f0,0x00000000ec300000)
  to   space 11776K, 0% used [0x00000000f0f80000,0x00000000f0f80000,0x00000000f1b00000)
 ParOldGen       total 68096K, used 28581K [0x00000000a0000000, 0x00000000a4280000, 0x00000000e0000000)
  object space 68096K, 41% used [0x00000000a0000000,0x00000000a1be9748,0x00000000a4280000)
 Metaspace       used 57217K, capacity 58958K, committed 59028K, reserved 1099776K
  class space    used 7738K, capacity 8158K, committed 8192K, reserved 1048576K
Event: 61.222 GC heap after
Heap after GC invocations=16 (full 3):
 PSYoungGen      total 199680K, used 0K [0x00000000e0000000, 0x00000000f1b00000, 0x0000000100000000)
  eden space 187392K, 0% used [0x00000000e0000000,0x00000000e0000000,0x00000000eb700000)
  from space 12288K, 0% used [0x00000000eb700000,0x00000000eb700000,0x00000000ec300000)
  to   space 11776K, 0% used [0x00000000f0f80000,0x00000000f0f80000,0x00000000f1b00000)
 ParOldGen       total 103936K, used 33974K [0x00000000a0000000, 0x00000000a6580000, 0x00000000e0000000)
  object space 103936K, 32% used [0x00000000a0000000,0x00000000a212d940,0x00000000a6580000)
 Metaspace       used 57217K, capacity 58958K, committed 59028K, reserved 1099776K
  class space    used 7738K, capacity 8158K, committed 8192K, reserved 1048576K
}

Deoptimization events (10 events):
Event: 121.477 Thread 0x000000001adbf800 Uncommon trap: reason=bimorphic action=maybe_recompile pc=0x00000000063149ac method=java.util.HashMap.removeNode(ILjava/lang/Object;Ljava/lang/Object;ZZ)Ljava/util/HashMap$Node; @ 283
Event: 2118.113 Thread 0x000000001f591800 Uncommon trap: reason=class_check action=maybe_recompile pc=0x0000000005f85720 method=java.lang.reflect.Array.newInstance(Ljava/lang/Class;I)Ljava/lang/Object; @ 2
Event: 2118.147 Thread 0x000000001f591800 Uncommon trap: reason=class_check action=maybe_recompile pc=0x0000000005f85720 method=java.lang.reflect.Array.newInstance(Ljava/lang/Class;I)Ljava/lang/Object; @ 2
Event: 2118.202 Thread 0x000000001f593800 Uncommon trap: reason=unstable_if action=reinterpret pc=0x00000000058285b4 method=org.gradle.internal.logging.sink.OutputEventRenderer$4.onOutput(Lorg/gradle/internal/logging/events/OutputEvent;)V @ 7
Event: 2118.831 Thread 0x000000001f596800 Uncommon trap: reason=unstable_if action=reinterpret pc=0x0000000005be9158 method=java.lang.Long.stringSize(J)I @ 11
Event: 2118.945 Thread 0x000000001f596800 Uncommon trap: reason=unstable_if action=reinterpret pc=0x0000000005d742e8 method=org.gradle.internal.hash.HashCode.equals(Ljava/lang/Object;)Z @ 2
Event: 2121.959 Thread 0x000000001f596800 Uncommon trap: reason=unstable_if action=reinterpret pc=0x00000000062fa730 method=com.google.common.collect.MapMakerInternalMap$Segment.getEntry(Ljava/lang/Object;I)Lcom/google/common/collect/MapMakerInternalMap$ReferenceEntry; @ 40
Event: 2121.964 Thread 0x000000001f596800 Uncommon trap: reason=unstable_if action=reinterpret pc=0x00000000062debb0 method=com.google.common.collect.MapMakerInternalMap$Segment.getEntry(Ljava/lang/Object;I)Lcom/google/common/collect/MapMakerInternalMap$ReferenceEntry; @ 40
Event: 2122.312 Thread 0x000000001f596800 Uncommon trap: reason=unstable_if action=reinterpret pc=0x00000000062ff294 method=sun.nio.fs.WindowsNativeDispatcher.asNativeBuffer(Ljava/lang/String;)Lsun/nio/fs/NativeBuffer; @ 33
Event: 2122.330 Thread 0x000000001f596800 Uncommon trap: reason=unstable_if action=reinterpret pc=0x0000000005ef5dd4 method=sun.nio.fs.WindowsChannelFactory.newFileChannel(Ljava/lang/String;Ljava/lang/String;Ljava/util/Set;J)Ljava/nio/channels/FileChannel; @ 11

Classes redefined (0 events):
No events

Internal exceptions (10 events):
Event: 61.395 Thread 0x000000001adcd800 Exception <a 'java/lang/NoSuchMethodError': <clinit>> (0x00000000e0b6d850) thrown at [D:\src\AOSP-openjdk-cygwin\jdk8u\hotspot\src\share\vm\prims\jni.cpp, line 1613]
Event: 61.395 Thread 0x000000001adcd800 Exception <a 'java/lang/NoSuchMethodError': <clinit>> (0x00000000e0b77970) thrown at [D:\src\AOSP-openjdk-cygwin\jdk8u\hotspot\src\share\vm\prims\jni.cpp, line 1613]
Event: 61.396 Thread 0x000000001adcd800 Exception <a 'java/lang/NoSuchMethodError': <clinit>> (0x00000000e0b83d10) thrown at [D:\src\AOSP-openjdk-cygwin\jdk8u\hotspot\src\share\vm\prims\jni.cpp, line 1613]
Event: 61.397 Thread 0x000000001adcd800 Exception <a 'java/lang/NoSuchMethodError': <clinit>> (0x00000000e0b8e678) thrown at [D:\src\AOSP-openjdk-cygwin\jdk8u\hotspot\src\share\vm\prims\jni.cpp, line 1613]
Event: 61.399 Thread 0x000000001adcd800 Exception <a 'java/lang/NoSuchMethodError': <clinit>> (0x00000000e0b97990) thrown at [D:\src\AOSP-openjdk-cygwin\jdk8u\hotspot\src\share\vm\prims\jni.cpp, line 1613]
Event: 61.401 Thread 0x000000001adcd800 Exception <a 'java/lang/NoSuchMethodError': <clinit>> (0x00000000e0bb2930) thrown at [D:\src\AOSP-openjdk-cygwin\jdk8u\hotspot\src\share\vm\prims\jni.cpp, line 1613]
Event: 61.402 Thread 0x000000001adcd800 Exception <a 'java/lang/NoSuchMethodError': <clinit>> (0x00000000e0bc2ce0) thrown at [D:\src\AOSP-openjdk-cygwin\jdk8u\hotspot\src\share\vm\prims\jni.cpp, line 1613]
Event: 61.405 Thread 0x000000001adcd800 Exception <a 'java/lang/NoSuchMethodError': <clinit>> (0x00000000e0bc7758) thrown at [D:\src\AOSP-openjdk-cygwin\jdk8u\hotspot\src\share\vm\prims\jni.cpp, line 1613]
Event: 61.426 Thread 0x000000001b81c000 Exception <a 'java/lang/NoSuchMethodError': <clinit>> (0x00000000e0c8e0d8) thrown at [D:\src\AOSP-openjdk-cygwin\jdk8u\hotspot\src\share\vm\prims\jni.cpp, line 1613]
Event: 2122.194 Thread 0x000000001f596800 Exception <a 'sun/nio/fs/WindowsException'> (0x00000000e2b94250) thrown at [D:\src\AOSP-openjdk-cygwin\jdk8u\hotspot\src\share\vm\prims\jni.cpp, line 709]

Events (10 events):
Event: 2122.520 Thread 0x0000000018901000 flushing nmethod 0x000000000571f190
Event: 2122.548 Thread 0x0000000018901000 flushing nmethod 0x00000000062fe090
Event: 2122.559 Executing VM operation: RevokeBias
Event: 2122.559 Executing VM operation: RevokeBias done
Event: 2122.560 Executing VM operation: RevokeBias
Event: 2122.560 Executing VM operation: RevokeBias done
Event: 2122.560 Executing VM operation: BulkRevokeBias
Event: 2122.561 Executing VM operation: BulkRevokeBias done
Event: 2122.718 Executing VM operation: RevokeBias
Event: 2122.718 Executing VM operation: RevokeBias done


Dynamic libraries:
0x00007ff7fc2e0000 - 0x00007ff7fc311000 	C:\Program Files\Android\Android Studio\jre\bin\java.exe
0x00007ffda5f80000 - 0x00007ffda6160000 	C:\WINDOWS\SYSTEM32\ntdll.dll
0x00007ffda52b0000 - 0x00007ffda535e000 	C:\WINDOWS\System32\KERNEL32.DLL
0x00007ffda23d0000 - 0x00007ffda2636000 	C:\WINDOWS\System32\KERNELBASE.dll
0x00007ffda3480000 - 0x00007ffda3521000 	C:\WINDOWS\System32\ADVAPI32.dll
0x00007ffda36d0000 - 0x00007ffda376d000 	C:\WINDOWS\System32\msvcrt.dll
0x00007ffda54c0000 - 0x00007ffda551b000 	C:\WINDOWS\System32\sechost.dll
0x00007ffda3770000 - 0x00007ffda388f000 	C:\WINDOWS\System32\RPCRT4.dll
0x00007ffda3890000 - 0x00007ffda3a1f000 	C:\WINDOWS\System32\USER32.dll
0x00007ffda28f0000 - 0x00007ffda2910000 	C:\WINDOWS\System32\win32u.dll
0x00007ffda5860000 - 0x00007ffda5888000 	C:\WINDOWS\System32\GDI32.dll
0x00007ffda2910000 - 0x00007ffda2aa3000 	C:\WINDOWS\System32\gdi32full.dll
0x00007ffda26f0000 - 0x00007ffda278b000 	C:\WINDOWS\System32\msvcp_win.dll
0x00007ffda2790000 - 0x00007ffda2886000 	C:\WINDOWS\System32\ucrtbase.dll
0x00007ffd92e80000 - 0x00007ffd930e9000 	C:\WINDOWS\WinSxS\amd64_microsoft.windows.common-controls_6595b64144ccf1df_6.0.16299.431_none_15c7d3ee93659e73\COMCTL32.dll
0x00007ffda5bc0000 - 0x00007ffda5ec8000 	C:\WINDOWS\System32\combase.dll
0x00007ffda2ab0000 - 0x00007ffda2b22000 	C:\WINDOWS\System32\bcryptPrimitives.dll
0x00007ffda3450000 - 0x00007ffda347d000 	C:\WINDOWS\System32\IMM32.DLL
0x000000006f650000 - 0x000000006f722000 	C:\Program Files\Android\Android Studio\jre\jre\bin\msvcr100.dll
0x000000006f730000 - 0x000000006ff6f000 	C:\Program Files\Android\Android Studio\jre\jre\bin\server\jvm.dll
0x00007ffda55a0000 - 0x00007ffda55a8000 	C:\WINDOWS\System32\PSAPI.DLL
0x00007ffda0f70000 - 0x00007ffda0f79000 	C:\WINDOWS\SYSTEM32\WSOCK32.dll
0x00007ffda5720000 - 0x00007ffda578c000 	C:\WINDOWS\System32\WS2_32.dll
0x00007ffd9feb0000 - 0x00007ffd9fed3000 	C:\WINDOWS\SYSTEM32\WINMM.dll
0x00007ffd958a0000 - 0x00007ffd958aa000 	C:\WINDOWS\SYSTEM32\VERSION.dll
0x00007ffd9fd30000 - 0x00007ffd9fd5a000 	C:\WINDOWS\SYSTEM32\WINMMBASE.dll
0x00007ffda2380000 - 0x00007ffda23ca000 	C:\WINDOWS\System32\cfgmgr32.dll
0x00007ffd9e6a0000 - 0x00007ffd9e6af000 	C:\Program Files\Android\Android Studio\jre\jre\bin\verify.dll
0x00007ffd979a0000 - 0x00007ffd979c9000 	C:\Program Files\Android\Android Studio\jre\jre\bin\java.dll
0x00007ffd966b0000 - 0x00007ffd966c6000 	C:\Program Files\Android\Android Studio\jre\jre\bin\zip.dll
0x00007ffda3a20000 - 0x00007ffda4e58000 	C:\WINDOWS\System32\SHELL32.dll
0x00007ffda59a0000 - 0x00007ffda5a46000 	C:\WINDOWS\System32\shcore.dll
0x00007ffda2d00000 - 0x00007ffda3447000 	C:\WINDOWS\System32\windows.storage.dll
0x00007ffda5520000 - 0x00007ffda5571000 	C:\WINDOWS\System32\shlwapi.dll
0x00007ffda2310000 - 0x00007ffda2321000 	C:\WINDOWS\System32\kernel.appcore.dll
0x00007ffda2330000 - 0x00007ffda237c000 	C:\WINDOWS\System32\powrprof.dll
0x00007ffda22f0000 - 0x00007ffda230b000 	C:\WINDOWS\System32\profapi.dll
0x00007ffd965f0000 - 0x00007ffd9660a000 	C:\Program Files\Android\Android Studio\jre\jre\bin\net.dll
0x00007ffda1b00000 - 0x00007ffda1b66000 	C:\WINDOWS\system32\mswsock.dll
0x00007ffd965c0000 - 0x00007ffd965d1000 	C:\Program Files\Android\Android Studio\jre\jre\bin\nio.dll
0x00007ffd96580000 - 0x00007ffd9659e000 	C:\Users\Rob\.gradle\native\25\windows-amd64\native-platform.dll
0x00007ffd9ca20000 - 0x00007ffd9ca2d000 	C:\Program Files\Android\Android Studio\jre\jre\bin\management.dll
0x00007ffda1cc0000 - 0x00007ffda1cd7000 	C:\WINDOWS\SYSTEM32\CRYPTSP.dll
0x00007ffda1700000 - 0x00007ffda1733000 	C:\WINDOWS\system32\rsaenh.dll
0x00007ffda1e30000 - 0x00007ffda1e55000 	C:\WINDOWS\SYSTEM32\bcrypt.dll
0x00007ffda21d0000 - 0x00007ffda21f9000 	C:\WINDOWS\SYSTEM32\USERENV.dll
0x00007ffda1ce0000 - 0x00007ffda1ceb000 	C:\WINDOWS\SYSTEM32\CRYPTBASE.dll
0x00007ffda1890000 - 0x00007ffda18c9000 	C:\WINDOWS\SYSTEM32\IPHLPAPI.DLL
0x00007ffda58f0000 - 0x00007ffda58f8000 	C:\WINDOWS\System32\NSI.dll
0x00007ffd98490000 - 0x00007ffd984a6000 	C:\WINDOWS\SYSTEM32\dhcpcsvc6.DLL
0x00007ffd984d0000 - 0x00007ffd984ea000 	C:\WINDOWS\SYSTEM32\dhcpcsvc.DLL

VM Arguments:
jvm_args: -Xmx1536m -Dfile.encoding=windows-1252 -Duser.country=US -Duser.language=en -Duser.variant 
java_command: org.gradle.launcher.daemon.bootstrap.GradleDaemon 4.4
java_class_path (initial): C:\Users\Rob\.gradle\wrapper\dists\gradle-4.4-all\9br9xq1tocpiv8o6njlyu5op1\gradle-4.4\lib\gradle-launcher-4.4.jar
Launcher Type: SUN_STANDARD

Environment Variables:
PATH=C:\Program Files (x86)\Intel\iCLS Client\;C:\ProgramData\Oracle\Java\javapath;C:\Program Files\Java\jdk1.8.0_73\bin;C:\Program Files (x86)\NVIDIA Corporation\PhysX\Common;C:\Program Files\Intel\iCLS Client\;C:\WINDOWS\system32;C:\WINDOWS;C:\WINDOWS\System32\Wbem;C:\WINDOWS\System32\WindowsPowerShell\v1.0\;c:\Program Files\Intel\IntelSGXPSW\bin\x64\Release\;c:\Program Files\Intel\IntelSGXPSW\bin\win32\Release\;C:\Program Files (x86)\GtkSharp\2.12\bin;C:\Program Files\Intel\WiFi\bin\;C:\Program Files\Common Files\Intel\WirelessCommon\;C:\Program Files (x86)\Intel\Intel(R) Management Engine Components\DAL;C:\Program Files\Intel\Intel(R) Management Engine Components\DAL;C:\Program Files (x86)\Intel\Intel(R) Management Engine Components\IPT;C:\Program Files\Intel\Intel(R) Management Engine Components\IPT;C:\ProgramData\Oracle\Java\javapath;C:\Program Files\Java\jdk1.8.0_73\bin;C:\Program Files (x86)\NVIDIA Corporation\PhysX\Common;C:\Program Files (x86)\Intel\iCLS Client\;C:\Program Files\Intel\iCLS Client\;C:\WINDOWS\system32;C:\WINDOWS;C:\WINDOWS\System32\Wbem;C:\WINDOWS\System32\WindowsPowerShell\v1.0\;c:\Program Files\Intel\IntelSGXPSW\bin\x64\Release\;c:\Program Files\Intel\IntelSGXPSW\bin\win32\Release\;C:\Program Files (x86)\Intel\Intel(R) Management Engine Components\DAL;C:\Program Files\Intel\Intel(R) Management Engine Components\DAL;C:\Program Files (x86)\Intel\Intel(R) Management Engine Components\IPT;C:\Program Files\Intel\Intel(R) Management Engine Components\IPT;C:\Program Files (x86)\GtkSharp\2.12\bin;C:\Program Files\Intel\WiFi\bin\;C:\Program Files\Common Files\Intel\WirelessCommon\;C:\Users\Rob\AppData\Local\Programs\Python\Python36-32; C:;C:\Users\Rob\AppData\Local\Microsoft\WindowsApps
USERNAME=Rob
OS=Windows_NT
PROCESSOR_IDENTIFIER=Intel64 Family 6 Model 78 Stepping 3, GenuineIntel



---------------  S Y S T E M  ---------------

OS: Windows 10.0 , 64 bit Build 16299 (10.0.16299.431)

CPU:total 4 (initial active 4) (2 cores per cpu, 2 threads per core) family 6 model 78 stepping 3, cmov, cx8, fxsr, mmx, sse, sse2, sse3, ssse3, sse4.1, sse4.2, popcnt, avx, avx2, aes, clmul, erms, 3dnowpref, lzcnt, ht, tsc, tscinvbit, bmi1, bmi2, adx

Memory: 4k page, physical 8242448k(735332k free), swap 17241080k(4484k free)

vm_info: OpenJDK 64-Bit Server VM (25.152-b02) for windows-amd64 JRE (1.8.0_152-release-1024-b02), built by "builder" with MS VC++ 10.0 (VS2010)

time: Sun Jun 24 17:09:42 2018
elapsed time: 2122 seconds (0d 0h 35m 22s)

