#
# There is insufficient memory for the Java Runtime Environment to continue.
# Native memory allocation (malloc) failed to allocate 32744 bytes for ChunkPool::allocate
# Possible reasons:
#   The system is out of physical RAM or swap space
#   In 32 bit mode, the process size limit was hit
# Possible solutions:
#   Reduce memory load on the system
#   Increase physical memory or swap space
#   Check if swap backing store is full
#   Use 64 bit Java on a 64 bit OS
#   Decrease Java heap size (-Xmx/-Xms)
#   Decrease number of Java threads
#   Decrease Java thread stack sizes (-Xss)
#   Set larger code cache with -XX:ReservedCodeCacheSize=
# This output file may be truncated or incomplete.
#
#  Out of Memory Error (allocation.cpp:273), pid=4268, tid=0x0000000000000768
#
# JRE version: OpenJDK Runtime Environment (8.0_152-b02) (build 1.8.0_152-release-1024-b02)
# Java VM: OpenJDK 64-Bit Server VM (25.152-b02 mixed mode windows-amd64 compressed oops)
# Failed to write core dump. Minidumps are not enabled by default on client versions of Windows
#

---------------  T H R E A D  ---------------

Current thread (0x0000000018ba8000):  JavaThread "C2 CompilerThread0" daemon [_thread_in_native, id=1896, stack(0x000000001a2f0000,0x000000001a3f0000)]

Stack: [0x000000001a2f0000,0x000000001a3f0000]
[error occurred during error reporting (printing stack bounds), id 0xc0000005]

Native frames: (J=compiled Java code, j=interpreted, Vv=VM code, C=native code)


Current CompileTask:
C2:5619185 16133   !   4       org.gradle.cache.internal.DefaultCacheAccess::takeOwnership (50 bytes)


---------------  P R O C E S S  ---------------

Java Threads: ( => current thread )
  0x000000001dfd4000 JavaThread "Cache worker for Artifact transforms cache (C:\Users\Rob\.gradle\caches\transforms-1)" [_thread_blocked, id=1552, stack(0x0000000035840000,0x0000000035940000)]
  0x000000001dfd6000 JavaThread "Cache worker for file hash cache (C:\Users\Rob\AndroidStudioProjects\MyApplication2\.gradle\4.4\fileHashes)" [_thread_blocked, id=7748, stack(0x0000000035740000,0x0000000035840000)]
  0x000000001dfda000 JavaThread "Stdin handler" [_thread_blocked, id=13864, stack(0x0000000035640000,0x0000000035740000)]
  0x000000001dfcc800 JavaThread "Asynchronous log dispatcher for DefaultDaemonConnection: socket connection from /127.0.0.1:50285 to /127.0.0.1:53203" [_thread_blocked, id=10900, stack(0x0000000035540000,0x0000000035640000)]
  0x000000001dfd3000 JavaThread "Cancel handler" [_thread_blocked, id=6368, stack(0x0000000035440000,0x0000000035540000)]
  0x000000001dfcd000 JavaThread "Handler for socket connection from /127.0.0.1:50285 to /127.0.0.1:53203" [_thread_in_native, id=12528, stack(0x0000000035340000,0x0000000035440000)]
  0x000000001bf02000 JavaThread "Daemon worker Thread 6" [_thread_in_vm, id=1064, stack(0x0000000034040000,0x0000000034140000)]
  0x000000001beff000 JavaThread "Daemon Thread 6" [_thread_blocked, id=7640, stack(0x0000000033d40000,0x0000000033e40000)]
  0x000000001dfce800 JavaThread "pool-2-thread-2" [_thread_blocked, id=10260, stack(0x000000002c640000,0x000000002c740000)]
  0x000000002199b800 JavaThread "pool-2-thread-1" [_thread_blocked, id=3876, stack(0x0000000028540000,0x0000000028640000)]
  0x0000000021997000 JavaThread "Memory manager" [_thread_blocked, id=4700, stack(0x0000000023550000,0x0000000023650000)]
  0x000000001e1b7000 JavaThread "File lock request listener" [_thread_in_native, id=5636, stack(0x000000001e9a0000,0x000000001eaa0000)]
  0x000000001ba40000 JavaThread "Cache worker for file hash cache (C:\Users\Rob\.gradle\caches\4.4\fileHashes)" [_thread_blocked, id=8880, stack(0x000000001e8a0000,0x000000001e9a0000)]
  0x000000001bb57000 JavaThread "Daemon periodic checks" [_thread_blocked, id=7296, stack(0x000000001cdd0000,0x000000001ced0000)]
  0x000000001bb16000 JavaThread "Incoming local TCP Connector on port 50285" [_thread_in_native, id=10792, stack(0x000000001c900000,0x000000001ca00000)]
  0x0000000018bfe000 JavaThread "Service Thread" daemon [_thread_blocked, id=5720, stack(0x000000001a9f0000,0x000000001aaf0000)]
  0x0000000018bb3000 JavaThread "C1 CompilerThread2" daemon [_thread_blocked, id=9276, stack(0x000000001a4f0000,0x000000001a5f0000)]
  0x0000000018b9b800 JavaThread "C2 CompilerThread1" daemon [_thread_in_native, id=2584, stack(0x000000001a3f0000,0x000000001a4f0000)]
=>0x0000000018ba8000 JavaThread "C2 CompilerThread0" daemon [_thread_in_native, id=1896, stack(0x000000001a2f0000,0x000000001a3f0000)]
  0x0000000018ba6800 JavaThread "Attach Listener" daemon [_thread_blocked, id=12616, stack(0x000000001a1f0000,0x000000001a2f0000)]
  0x0000000018ba5000 JavaThread "Signal Dispatcher" daemon [_thread_blocked, id=600, stack(0x000000001a0f0000,0x000000001a1f0000)]
  0x000000000520c800 JavaThread "Finalizer" daemon [_thread_blocked, id=1940, stack(0x0000000019e00000,0x0000000019f00000)]
  0x0000000005201800 JavaThread "Reference Handler" daemon [_thread_blocked, id=6876, stack(0x0000000019d00000,0x0000000019e00000)]
  0x00000000050ce000 JavaThread "main" [_thread_blocked, id=6096, stack(0x0000000004fb0000,0x00000000050b0000)]

Other Threads:
  0x0000000018b65000 VMThread [stack: 0x0000000019c00000,0x0000000019d00000] [id=12412]
  0x000000001a611800 WatcherThread [stack: 0x000000001aaf0000,0x000000001abf0000] [id=11984]

VM state:not at safepoint (normal execution)

VM Mutex/Monitor currently owned by a thread: None

Heap:
 PSYoungGen      total 179712K, used 99264K [0x00000000e0000000, 0x00000000eec80000, 0x0000000100000000)
  eden space 165888K, 51% used [0x00000000e0000000,0x00000000e539f3b8,0x00000000ea200000)
  from space 13824K, 98% used [0x00000000edf00000,0x00000000eec50e30,0x00000000eec80000)
  to   space 22528K, 0% used [0x00000000ec080000,0x00000000ec080000,0x00000000ed680000)
 ParOldGen       total 139264K, used 36344K [0x00000000a0000000, 0x00000000a8800000, 0x00000000e0000000)
  object space 139264K, 26% used [0x00000000a0000000,0x00000000a237e1d8,0x00000000a8800000)
 Metaspace       used 80243K, capacity 84308K, committed 84568K, reserved 1122304K
  class space    used 10290K, capacity 11037K, committed 11136K, reserved 1048576K

Card table byte_map: [0x00000000145d0000,0x00000000148e0000] byte_map_base: 0x00000000140d0000

Marking Bits: (ParMarkBitMap*) 0x000000006db84970
 Begin Bits: [0x0000000014ee0000, 0x00000000166e0000)
 End Bits:   [0x00000000166e0000, 0x0000000017ee0000)

Polling page: 0x00000000050b0000

CodeCache: size=245760Kb used=45164Kb max_used=45191Kb free=200595Kb
 bounds [0x0000000005210000, 0x0000000007e90000, 0x0000000014210000]
 total_blobs=14312 nmethods=13469 adapters=754
 compilation: enabled

Compilation events (10 events):
Event: 5617.351 Thread 0x0000000018b9b800 16129       4       org.gradle.internal.component.external.model.DefaultMutableMavenModuleResolveMetadata::getComponentId (5 bytes)
Event: 5617.352 Thread 0x0000000018b9b800 nmethod 16129 0x0000000006941190 code [0x00000000069412c0, 0x0000000006941318]
Event: 5617.353 Thread 0x0000000018bb3000 16130       1       java.util.HashMap$EntrySet::size (8 bytes)
Event: 5617.353 Thread 0x0000000018bb3000 nmethod 16130 0x0000000006e0e290 code [0x0000000006e0e3e0, 0x0000000006e0e4f0]
Event: 5617.357 Thread 0x0000000018ba8000 16131       4       org.gradle.api.internal.artifacts.dependencies.DefaultImmutableVersionConstraint::<init> (46 bytes)
Event: 5617.359 Thread 0x0000000018b9b800 16132   !   4       org.gradle.cache.internal.DefaultCacheAccess::useCache (191 bytes)
Event: 5617.362 Thread 0x0000000018bb3000 16134       3       com.google.common.collect.ImmutableSet::copyOf (52 bytes)
Event: 5617.363 Thread 0x0000000018bb3000 nmethod 16134 0x0000000006f39c10 code [0x0000000006f39e00, 0x0000000006f3a5c8]
Event: 5617.364 Thread 0x0000000018ba8000 nmethod 16131 0x0000000006ed6950 code [0x0000000006ed6ac0, 0x0000000006ed6e58]
Event: 5617.364 Thread 0x0000000018ba8000 16133   !   4       org.gradle.cache.internal.DefaultCacheAccess::takeOwnership (50 bytes)

GC Heap History (10 events):
Event: 26.945 GC heap before
{Heap before GC invocations=13 (full 3):
 PSYoungGen      total 198656K, used 16374K [0x00000000e0000000, 0x00000000edb80000, 0x0000000100000000)
  eden space 182272K, 0% used [0x00000000e0000000,0x00000000e0000000,0x00000000eb200000)
  from space 16384K, 99% used [0x00000000ec680000,0x00000000ed67da10,0x00000000ed680000)
  to   space 20992K, 0% used [0x00000000eb200000,0x00000000eb200000,0x00000000ec680000)
 ParOldGen       total 95744K, used 28115K [0x00000000a0000000, 0x00000000a5d80000, 0x00000000e0000000)
  object space 95744K, 29% used [0x00000000a0000000,0x00000000a1b74cc0,0x00000000a5d80000)
 Metaspace       used 57221K, capacity 58922K, committed 59028K, reserved 1099776K
  class space    used 7725K, capacity 8126K, committed 8192K, reserved 1048576K
Event: 27.176 GC heap after
Heap after GC invocations=13 (full 3):
 PSYoungGen      total 198656K, used 0K [0x00000000e0000000, 0x00000000edb80000, 0x0000000100000000)
  eden space 182272K, 0% used [0x00000000e0000000,0x00000000e0000000,0x00000000eb200000)
  from space 16384K, 0% used [0x00000000ec680000,0x00000000ec680000,0x00000000ed680000)
  to   space 20992K, 0% used [0x00000000eb200000,0x00000000eb200000,0x00000000ec680000)
 ParOldGen       total 139264K, used 36040K [0x00000000a0000000, 0x00000000a8800000, 0x00000000e0000000)
  object space 139264K, 25% used [0x00000000a0000000,0x00000000a23321c0,0x00000000a8800000)
 Metaspace       used 57221K, capacity 58922K, committed 59028K, reserved 1099776K
  class space    used 7725K, capacity 8126K, committed 8192K, reserved 1048576K
}
Event: 1851.567 GC heap before
{Heap before GC invocations=14 (full 3):
 PSYoungGen      total 198656K, used 182272K [0x00000000e0000000, 0x00000000edb80000, 0x0000000100000000)
  eden space 182272K, 100% used [0x00000000e0000000,0x00000000eb200000,0x00000000eb200000)
  from space 16384K, 0% used [0x00000000ec680000,0x00000000ec680000,0x00000000ed680000)
  to   space 20992K, 0% used [0x00000000eb200000,0x00000000eb200000,0x00000000ec680000)
 ParOldGen       total 139264K, used 36040K [0x00000000a0000000, 0x00000000a8800000, 0x00000000e0000000)
  object space 139264K, 25% used [0x00000000a0000000,0x00000000a23321c0,0x00000000a8800000)
 Metaspace       used 67514K, capacity 69642K, committed 69720K, reserved 1110016K
  class space    used 8818K, capacity 9315K, committed 9344K, reserved 1048576K
Event: 1851.592 GC heap after
Heap after GC invocations=14 (full 3):
 PSYoungGen      total 203264K, used 14487K [0x00000000e0000000, 0x00000000f0200000, 0x0000000100000000)
  eden space 182272K, 0% used [0x00000000e0000000,0x00000000e0000000,0x00000000eb200000)
  from space 20992K, 69% used [0x00000000eb200000,0x00000000ec025d50,0x00000000ec680000)
  to   space 21504K, 0% used [0x00000000eed00000,0x00000000eed00000,0x00000000f0200000)
 ParOldGen       total 139264K, used 36048K [0x00000000a0000000, 0x00000000a8800000, 0x00000000e0000000)
  object space 139264K, 25% used [0x00000000a0000000,0x00000000a23341c0,0x00000000a8800000)
 Metaspace       used 67514K, capacity 69642K, committed 69720K, reserved 1110016K
  class space    used 8818K, capacity 9315K, committed 9344K, reserved 1048576K
}
Event: 4781.294 GC heap before
{Heap before GC invocations=15 (full 3):
 PSYoungGen      total 203264K, used 196759K [0x00000000e0000000, 0x00000000f0200000, 0x0000000100000000)
  eden space 182272K, 100% used [0x00000000e0000000,0x00000000eb200000,0x00000000eb200000)
  from space 20992K, 69% used [0x00000000eb200000,0x00000000ec025d50,0x00000000ec680000)
  to   space 21504K, 0% used [0x00000000eed00000,0x00000000eed00000,0x00000000f0200000)
 ParOldGen       total 139264K, used 36048K [0x00000000a0000000, 0x00000000a8800000, 0x00000000e0000000)
  object space 139264K, 25% used [0x00000000a0000000,0x00000000a23341c0,0x00000000a8800000)
 Metaspace       used 77531K, capacity 80552K, committed 80600K, reserved 1120256K
  class space    used 10114K, capacity 10742K, committed 10752K, reserved 1048576K
Event: 4781.444 GC heap after
Heap after GC invocations=15 (full 3):
 PSYoungGen      total 194048K, used 17094K [0x00000000e0000000, 0x00000000efe00000, 0x0000000100000000)
  eden space 176640K, 0% used [0x00000000e0000000,0x00000000e0000000,0x00000000eac80000)
  from space 17408K, 98% used [0x00000000eed00000,0x00000000efdb19c8,0x00000000efe00000)
  to   space 23040K, 0% used [0x00000000ed100000,0x00000000ed100000,0x00000000ee780000)
 ParOldGen       total 139264K, used 36328K [0x00000000a0000000, 0x00000000a8800000, 0x00000000e0000000)
  object space 139264K, 26% used [0x00000000a0000000,0x00000000a237a1d8,0x00000000a8800000)
 Metaspace       used 77531K, capacity 80552K, committed 80600K, reserved 1120256K
  class space    used 10114K, capacity 10742K, committed 10752K, reserved 1048576K
}
Event: 4833.157 GC heap before
{Heap before GC invocations=16 (full 3):
 PSYoungGen      total 194048K, used 193734K [0x00000000e0000000, 0x00000000efe00000, 0x0000000100000000)
  eden space 176640K, 100% used [0x00000000e0000000,0x00000000eac80000,0x00000000eac80000)
  from space 17408K, 98% used [0x00000000eed00000,0x00000000efdb19c8,0x00000000efe00000)
  to   space 23040K, 0% used [0x00000000ed100000,0x00000000ed100000,0x00000000ee780000)
 ParOldGen       total 139264K, used 36328K [0x00000000a0000000, 0x00000000a8800000, 0x00000000e0000000)
  object space 139264K, 26% used [0x00000000a0000000,0x00000000a237a1d8,0x00000000a8800000)
 Metaspace       used 78750K, capacity 82118K, committed 82264K, reserved 1120256K
  class space    used 10165K, capacity 10830K, committed 10880K, reserved 1048576K
Event: 4833.190 GC heap after
Heap after GC invocations=16 (full 3):
 PSYoungGen      total 185344K, used 13844K [0x00000000e0000000, 0x00000000eed80000, 0x0000000100000000)
  eden space 171008K, 0% used [0x00000000e0000000,0x00000000e0000000,0x00000000ea700000)
  from space 14336K, 96% used [0x00000000ed100000,0x00000000ede85368,0x00000000edf00000)
  to   space 14848K, 0% used [0x00000000edf00000,0x00000000edf00000,0x00000000eed80000)
 ParOldGen       total 139264K, used 36336K [0x00000000a0000000, 0x00000000a8800000, 0x00000000e0000000)
  object space 139264K, 26% used [0x00000000a0000000,0x00000000a237c1d8,0x00000000a8800000)
 Metaspace       used 78750K, capacity 82118K, committed 82264K, reserved 1120256K
  class space    used 10165K, capacity 10830K, committed 10880K, reserved 1048576K
}
Event: 5047.304 GC heap before
{Heap before GC invocations=17 (full 3):
 PSYoungGen      total 185344K, used 184852K [0x00000000e0000000, 0x00000000eed80000, 0x0000000100000000)
  eden space 171008K, 100% used [0x00000000e0000000,0x00000000ea700000,0x00000000ea700000)
  from space 14336K, 96% used [0x00000000ed100000,0x00000000ede85368,0x00000000edf00000)
  to   space 14848K, 0% used [0x00000000edf00000,0x00000000edf00000,0x00000000eed80000)
 ParOldGen       total 139264K, used 36336K [0x00000000a0000000, 0x00000000a8800000, 0x00000000e0000000)
  object space 139264K, 26% used [0x00000000a0000000,0x00000000a237c1d8,0x00000000a8800000)
 Metaspace       used 79446K, capacity 82882K, committed 83032K, reserved 1122304K
  class space    used 10174K, capacity 10842K, committed 10880K, reserved 1048576K
Event: 5047.347 GC heap after
Heap after GC invocations=17 (full 3):
 PSYoungGen      total 179712K, used 13635K [0x00000000e0000000, 0x00000000eec80000, 0x0000000100000000)
  eden space 165888K, 0% used [0x00000000e0000000,0x00000000e0000000,0x00000000ea200000)
  from space 13824K, 98% used [0x00000000edf00000,0x00000000eec50e30,0x00000000eec80000)
  to   space 22528K, 0% used [0x00000000ec080000,0x00000000ec080000,0x00000000ed680000)
 ParOldGen       total 139264K, used 36344K [0x00000000a0000000, 0x00000000a8800000, 0x00000000e0000000)
  object space 139264K, 26% used [0x00000000a0000000,0x00000000a237e1d8,0x00000000a8800000)
 Metaspace       used 79446K, capacity 82882K, committed 83032K, reserved 1122304K
  class space    used 10174K, capacity 10842K, committed 10880K, reserved 1048576K
}

Deoptimization events (10 events):
Event: 5602.869 Thread 0x000000001bf02000 Uncommon trap: reason=class_check action=maybe_recompile pc=0x0000000006e4e290 method=org.gradle.internal.logging.sink.OutputEventRenderer$4.onOutput(Lorg/gradle/internal/logging/events/OutputEvent;)V @ 11
Event: 5602.869 Thread 0x000000001bf02000 Uncommon trap: reason=class_check action=maybe_recompile pc=0x0000000006e4e290 method=org.gradle.internal.logging.sink.OutputEventRenderer$4.onOutput(Lorg/gradle/internal/logging/events/OutputEvent;)V @ 11
Event: 5602.870 Thread 0x000000001bf02000 Uncommon trap: reason=class_check action=maybe_recompile pc=0x0000000006e4e290 method=org.gradle.internal.logging.sink.OutputEventRenderer$4.onOutput(Lorg/gradle/internal/logging/events/OutputEvent;)V @ 11
Event: 5602.870 Thread 0x000000001bf02000 Uncommon trap: reason=class_check action=maybe_recompile pc=0x0000000006e4e290 method=org.gradle.internal.logging.sink.OutputEventRenderer$4.onOutput(Lorg/gradle/internal/logging/events/OutputEvent;)V @ 11
Event: 5602.891 Thread 0x000000001bf02000 Uncommon trap: reason=unstable_if action=reinterpret pc=0x0000000006424c78 method=java.io.ObjectOutputStream$BlockDataOutputStream.writeShort(I)V @ 9
Event: 5602.891 Thread 0x000000001bf02000 Uncommon trap: reason=bimorphic action=maybe_recompile pc=0x0000000005a11e70 method=java.io.DataOutputStream.writeShort(I)V @ 12
Event: 5602.990 Thread 0x000000001beff000 Uncommon trap: reason=class_check action=maybe_recompile pc=0x00000000067ffb14 method=java.io.ObjectOutputStream.writeObject0(Ljava/lang/Object;Z)V @ 240
Event: 5602.995 Thread 0x000000001beff000 Uncommon trap: reason=class_check action=maybe_recompile pc=0x00000000067ffb14 method=java.io.ObjectOutputStream.writeObject0(Ljava/lang/Object;Z)V @ 240
Event: 5602.997 Thread 0x000000001beff000 Uncommon trap: reason=class_check action=maybe_recompile pc=0x00000000067ffb14 method=java.io.ObjectOutputStream.writeObject0(Ljava/lang/Object;Z)V @ 240
Event: 5602.998 Thread 0x000000001beff000 Uncommon trap: reason=class_check action=maybe_recompile pc=0x00000000067ffb14 method=java.io.ObjectOutputStream.writeObject0(Ljava/lang/Object;Z)V @ 240

Classes redefined (0 events):
No events

Internal exceptions (10 events):
Event: 5602.807 Thread 0x000000001dfd4000 Exception <a 'java/lang/OutOfMemoryError'> (0x00000000e4825e18) thrown at [D:\src\AOSP-openjdk-cygwin\jdk8u\hotspot\src\share\vm\prims\jvm.cpp, line 1394]
Event: 5602.807 Thread 0x000000001dfd4000 Exception <a 'java/lang/OutOfMemoryError'> (0x00000000e4825e18) thrown at [D:\src\AOSP-openjdk-cygwin\jdk8u\hotspot\src\share\vm\prims\jvm.cpp, line 1394]
Event: 5602.820 Thread 0x000000001bf09800 Exception <a 'java/lang/NoSuchMethodError': <clinit>> (0x00000000e4913640) thrown at [D:\src\AOSP-openjdk-cygwin\jdk8u\hotspot\src\share\vm\prims\jni.cpp, line 1613]
Event: 5602.822 Thread 0x000000001bf09800 Exception <a 'java/lang/NoSuchMethodError': <clinit>> (0x00000000e4928890) thrown at [D:\src\AOSP-openjdk-cygwin\jdk8u\hotspot\src\share\vm\prims\jni.cpp, line 1613]
Event: 5602.841 Thread 0x000000001bf09800 Exception <a 'java/lang/NoSuchMethodError': <clinit>> (0x00000000e4a08ef0) thrown at [D:\src\AOSP-openjdk-cygwin\jdk8u\hotspot\src\share\vm\prims\jni.cpp, line 1613]
Event: 5602.995 Thread 0x000000001beff000 Exception <a 'java/lang/NoSuchMethodError': <clinit>> (0x00000000e4c67c08) thrown at [D:\src\AOSP-openjdk-cygwin\jdk8u\hotspot\src\share\vm\prims\jni.cpp, line 1613]
Event: 5602.998 Thread 0x000000001beff000 Exception <a 'java/lang/NoSuchMethodError': <clinit>> (0x00000000e4c84af0) thrown at [D:\src\AOSP-openjdk-cygwin\jdk8u\hotspot\src\share\vm\prims\jni.cpp, line 1613]
Event: 5603.011 Thread 0x000000001beff000 Exception <a 'java/lang/NoSuchMethodError': <clinit>> (0x00000000e4ca6aa8) thrown at [D:\src\AOSP-openjdk-cygwin\jdk8u\hotspot\src\share\vm\prims\jni.cpp, line 1613]
Event: 5603.012 Thread 0x000000001beff000 Exception <a 'java/lang/NoSuchMethodError': <clinit>> (0x00000000e4cac610) thrown at [D:\src\AOSP-openjdk-cygwin\jdk8u\hotspot\src\share\vm\prims\jni.cpp, line 1613]
Event: 5603.014 Thread 0x000000001beff000 Exception <a 'java/lang/NoSuchMethodError': <clinit>> (0x00000000e4cbfa88) thrown at [D:\src\AOSP-openjdk-cygwin\jdk8u\hotspot\src\share\vm\prims\jni.cpp, line 1613]

Events (10 events):
Event: 5617.248 Thread 0x000000001dfcc800 Thread added: 0x000000001dfcc800
Event: 5617.249 Thread 0x000000001dfda000 Thread added: 0x000000001dfda000
Event: 5617.252 Thread 0x0000000018bb3000 flushing nmethod 0x0000000006595d10
Event: 5617.253 Thread 0x000000001dfd6000 Thread added: 0x000000001dfd6000
Event: 5617.264 Thread 0x0000000018bb3000 flushing nmethod 0x0000000006c8f590
Event: 5617.266 Executing VM operation: RevokeBias
Event: 5617.266 Executing VM operation: RevokeBias done
Event: 5617.266 Executing VM operation: BulkRevokeBias
Event: 5617.267 Executing VM operation: BulkRevokeBias done
Event: 5617.327 Thread 0x000000001dfd4000 Thread added: 0x000000001dfd4000


Dynamic libraries:
0x00007ff7cf350000 - 0x00007ff7cf381000 	C:\Program Files\Android\Android Studio\jre\bin\java.exe
0x00007ff8ca470000 - 0x00007ff8ca650000 	C:\WINDOWS\SYSTEM32\ntdll.dll
0x00007ff8c94d0000 - 0x00007ff8c957e000 	C:\WINDOWS\System32\KERNEL32.DLL
0x00007ff8c6e90000 - 0x00007ff8c70f6000 	C:\WINDOWS\System32\KERNELBASE.dll
0x00007ff8ca2c0000 - 0x00007ff8ca361000 	C:\WINDOWS\System32\ADVAPI32.dll
0x00007ff8c7940000 - 0x00007ff8c79dd000 	C:\WINDOWS\System32\msvcrt.dll
0x00007ff8c9aa0000 - 0x00007ff8c9afb000 	C:\WINDOWS\System32\sechost.dll
0x00007ff8c9ca0000 - 0x00007ff8c9dbf000 	C:\WINDOWS\System32\RPCRT4.dll
0x00007ff8c9f50000 - 0x00007ff8ca0df000 	C:\WINDOWS\System32\USER32.dll
0x00007ff8c71d0000 - 0x00007ff8c71f0000 	C:\WINDOWS\System32\win32u.dll
0x00007ff8ca100000 - 0x00007ff8ca128000 	C:\WINDOWS\System32\GDI32.dll
0x00007ff8c6cf0000 - 0x00007ff8c6e83000 	C:\WINDOWS\System32\gdi32full.dll
0x00007ff8c6870000 - 0x00007ff8c690b000 	C:\WINDOWS\System32\msvcp_win.dll
0x00007ff8c6910000 - 0x00007ff8c6a06000 	C:\WINDOWS\System32\ucrtbase.dll
0x00007ff8b61b0000 - 0x00007ff8b6419000 	C:\WINDOWS\WinSxS\amd64_microsoft.windows.common-controls_6595b64144ccf1df_6.0.16299.431_none_15c7d3ee93659e73\COMCTL32.dll
0x00007ff8c96d0000 - 0x00007ff8c99d8000 	C:\WINDOWS\System32\combase.dll
0x00007ff8c7150000 - 0x00007ff8c71c2000 	C:\WINDOWS\System32\bcryptPrimitives.dll
0x00007ff8ca410000 - 0x00007ff8ca43d000 	C:\WINDOWS\System32\IMM32.DLL
0x000000006d1d0000 - 0x000000006d2a2000 	C:\Program Files\Android\Android Studio\jre\jre\bin\msvcr100.dll
0x000000006d3c0000 - 0x000000006dbff000 	C:\Program Files\Android\Android Studio\jre\jre\bin\server\jvm.dll
0x00007ff8c9f30000 - 0x00007ff8c9f38000 	C:\WINDOWS\System32\PSAPI.DLL
0x00007ff8c5460000 - 0x00007ff8c5469000 	C:\WINDOWS\SYSTEM32\WSOCK32.dll
0x00007ff8c4420000 - 0x00007ff8c4443000 	C:\WINDOWS\SYSTEM32\WINMM.dll
0x00007ff8b88d0000 - 0x00007ff8b88da000 	C:\WINDOWS\SYSTEM32\VERSION.dll
0x00007ff8c43e0000 - 0x00007ff8c440a000 	C:\WINDOWS\SYSTEM32\winmmbase.dll
0x00007ff8c7100000 - 0x00007ff8c714a000 	C:\WINDOWS\System32\cfgmgr32.dll
0x00007ff8ca190000 - 0x00007ff8ca1fc000 	C:\WINDOWS\System32\WS2_32.dll
0x00007ff8ba4e0000 - 0x00007ff8ba4ef000 	C:\Program Files\Android\Android Studio\jre\jre\bin\verify.dll
0x00007ff8b97e0000 - 0x00007ff8b9809000 	C:\Program Files\Android\Android Studio\jre\jre\bin\java.dll
0x00007ff8ba4c0000 - 0x00007ff8ba4d6000 	C:\Program Files\Android\Android Studio\jre\jre\bin\zip.dll
0x00007ff8c79e0000 - 0x00007ff8c8e18000 	C:\WINDOWS\System32\SHELL32.dll
0x00007ff8ca200000 - 0x00007ff8ca2a6000 	C:\WINDOWS\System32\shcore.dll
0x00007ff8c71f0000 - 0x00007ff8c7937000 	C:\WINDOWS\System32\windows.storage.dll
0x00007ff8c99e0000 - 0x00007ff8c9a31000 	C:\WINDOWS\System32\shlwapi.dll
0x00007ff8c6830000 - 0x00007ff8c6841000 	C:\WINDOWS\System32\kernel.appcore.dll
0x00007ff8c67c0000 - 0x00007ff8c680c000 	C:\WINDOWS\System32\powrprof.dll
0x00007ff8c6810000 - 0x00007ff8c682b000 	C:\WINDOWS\System32\profapi.dll
0x00007ff8ba460000 - 0x00007ff8ba47a000 	C:\Program Files\Android\Android Studio\jre\jre\bin\net.dll
0x00007ff8c5ff0000 - 0x00007ff8c6056000 	C:\WINDOWS\system32\mswsock.dll
0x00007ff8b97c0000 - 0x00007ff8b97d1000 	C:\Program Files\Android\Android Studio\jre\jre\bin\nio.dll
0x00007ff8bebf0000 - 0x00007ff8bec0e000 	C:\Users\Rob\.gradle\native\25\windows-amd64\native-platform.dll
0x00007ff8c2a50000 - 0x00007ff8c2a5d000 	C:\Program Files\Android\Android Studio\jre\jre\bin\management.dll
0x00007ff8c61b0000 - 0x00007ff8c61c7000 	C:\WINDOWS\SYSTEM32\CRYPTSP.dll
0x00007ff8c5bf0000 - 0x00007ff8c5c23000 	C:\WINDOWS\system32\rsaenh.dll
0x00007ff8c62c0000 - 0x00007ff8c62e5000 	C:\WINDOWS\SYSTEM32\bcrypt.dll
0x00007ff8c66f0000 - 0x00007ff8c6719000 	C:\WINDOWS\SYSTEM32\USERENV.dll
0x00007ff8c61d0000 - 0x00007ff8c61db000 	C:\WINDOWS\SYSTEM32\CRYPTBASE.dll
0x00007ff8c5d80000 - 0x00007ff8c5db9000 	C:\WINDOWS\SYSTEM32\IPHLPAPI.DLL
0x00007ff8c9f40000 - 0x00007ff8c9f48000 	C:\WINDOWS\System32\NSI.dll
0x00007ff8bf290000 - 0x00007ff8bf2a6000 	C:\WINDOWS\SYSTEM32\dhcpcsvc6.DLL
0x00007ff8bf570000 - 0x00007ff8bf58a000 	C:\WINDOWS\SYSTEM32\dhcpcsvc.DLL

VM Arguments:
jvm_args: -Xmx1536m -Dfile.encoding=windows-1252 -Duser.country=US -Duser.language=en -Duser.variant 
java_command: org.gradle.launcher.daemon.bootstrap.GradleDaemon 4.4
java_class_path (initial): C:\Users\Rob\.gradle\wrapper\dists\gradle-4.4-all\9br9xq1tocpiv8o6njlyu5op1\gradle-4.4\lib\gradle-launcher-4.4.jar
Launcher Type: SUN_STANDARD

Environment Variables:
PATH=C:\ProgramData\Oracle\Java\javapath;C:\Program Files\Java\jdk1.8.0_73\bin;C:\Program Files (x86)\NVIDIA Corporation\PhysX\Common;C:\Program Files (x86)\Intel\iCLS Client\;C:\Program Files\Intel\iCLS Client\;C:\WINDOWS\system32;C:\WINDOWS;C:\WINDOWS\System32\Wbem;C:\WINDOWS\System32\WindowsPowerShell\v1.0\;c:\Program Files\Intel\IntelSGXPSW\bin\x64\Release\;c:\Program Files\Intel\IntelSGXPSW\bin\win32\Release\;C:\Program Files (x86)\Intel\Intel(R) Management Engine Components\DAL;C:\Program Files\Intel\Intel(R) Management Engine Components\DAL;C:\Program Files (x86)\Intel\Intel(R) Management Engine Components\IPT;C:\Program Files\Intel\Intel(R) Management Engine Components\IPT;C:\Program Files (x86)\GtkSharp\2.12\bin;C:\Program Files\Intel\WiFi\bin\;C:\Program Files\Common Files\Intel\WirelessCommon\;C:\ProgramData\Oracle\Java\javapath;C:\Program Files\Java\jdk1.8.0_73\bin;C:\Program Files (x86)\NVIDIA Corporation\PhysX\Common;C:\Program Files (x86)\Intel\iCLS Client\;C:\Program Files\Intel\iCLS Client\;C:\WINDOWS\system32;C:\WINDOWS;C:\WINDOWS\System32\Wbem;C:\WINDOWS\System32\WindowsPowerShell\v1.0\;c:\Program Files\Intel\IntelSGXPSW\bin\x64\Release\;c:\Program Files\Intel\IntelSGXPSW\bin\win32\Release\;C:\Program Files (x86)\Intel\Intel(R) Management Engine Components\DAL;C:\Program Files\Intel\Intel(R) Management Engine Components\DAL;C:\Program Files (x86)\Intel\Intel(R) Management Engine Components\IPT;C:\Program Files\Intel\Intel(R) Management Engine Components\IPT;C:\Program Files (x86)\GtkSharp\2.12\bin;C:\Program Files\Intel\WiFi\bin\;C:\Program Files\Common Files\Intel\WirelessCommon\;C:\Users\Rob\AppData\Local\Programs\Python\Python36-32; C:;C:\Users\Rob\AppData\Local\Microsoft\WindowsApps
USERNAME=Rob
OS=Windows_NT
PROCESSOR_IDENTIFIER=Intel64 Family 6 Model 78 Stepping 3, GenuineIntel



---------------  S Y S T E M  ---------------

OS: Windows 10.0 , 64 bit Build 16299 (10.0.16299.431)

CPU:total 4 (initial active 4) (2 cores per cpu, 2 threads per core) family 6 model 78 stepping 3, cmov, cx8, fxsr, mmx, sse, sse2, sse3, ssse3, sse4.1, sse4.2, popcnt, avx, avx2, aes, clmul, erms, 3dnowpref, lzcnt, ht, tsc, tscinvbit, bmi1, bmi2, adx

Memory: 4k page, physical 8242448k(1145596k free), swap 10385980k(3160k free)

vm_info: OpenJDK 64-Bit Server VM (25.152-b02) for windows-amd64 JRE (1.8.0_152-release-1024-b02), built by "builder" with MS VC++ 10.0 (VS2010)

time: Thu May 24 13:35:45 2018
elapsed time: 5617 seconds (0d 1h 33m 37s)

